  Accessor.cxx
  CharacterCategory.cxx
  AutoComplete.cxx
  CallTip.cxx
  CaseConvert.cxx
  CaseFolder.cxx
  Catalogue.cxx
  CellBuffer.cxx
  CharClassify.cxx
  CharacterSet.cxx
  ContractionState.cxx
  Decoration.cxx
  Document.cxx
  EditModel.cxx
  EditView.cxx
  Editor.cxx
  ExternalLexer.cxx
  Indicator.cxx
  KeyMap.cxx
  LexA68k.cxx
  LexAPDL.cxx
  LexASY.cxx
  LexAU3.cxx
  LexAVE.cxx
  LexAVS.cxx
  LexAbaqus.cxx
  LexAda.cxx
  LexAsm.cxx
  LexAsn1.cxx
  LexBash.cxx
  LexBaan.cxx
  LexBasic.cxx
  LexBatch.cxx
  LexBibTeX.cxx
  LexBullant.cxx
  LexCLW.cxx
  LexCOBOL.cxx
  LexCPP.cxx
  LexCSS.cxx
  LexCaml.cxx
  LexCmake.cxx
  LexCoffeeScript.cxx
  LexConf.cxx
  LexCrontab.cxx
  LexCsound.cxx
  LexD.cxx
  LexDiff.cxx
  LexDMAP.cxx
  LexDMIS.cxx
  LexECL.cxx
  LexEDIFACT.cxx
  LexEScript.cxx
  LexEiffel.cxx
  LexErlang.cxx
  LexErrorList.cxx
  LexFlagship.cxx
  LexForth.cxx
  LexFortran.cxx
  LexGAP.cxx
  LexGui4Cli.cxx
  LexHTML.cxx
  LexHaskell.cxx
  LexHex.cxx
  LexInno.cxx
  LexJSON.cxx
  LexKix.cxx
  LexKVIrc.cxx
  LexLatex.cxx
  LexLisp.cxx
  LexLout.cxx
  LexLua.cxx
  LexMMIXAL.cxx
  LexMPT.cxx
  LexMSSQL.cxx
  LexMagik.cxx
  LexMake.cxx
  LexMarkdown.cxx
  LexMatlab.cxx
  LexMetapost.cxx
  LexModula.cxx
  LexMySQL.cxx
  LexNimrod.cxx
  LexNsis.cxx
  LexNull.cxx
  LexOScript.cxx
  LexOpal.cxx
  LexPB.cxx
  LexPLM.cxx
  LexPO.cxx
  LexPOV.cxx
  LexPS.cxx
  LexPascal.cxx
  LexPerl.cxx
  LexPowerPro.cxx
  LexPowerShell.cxx
  LexProgress.cxx
  LexProps.cxx
  LexPython.cxx
  LexR.cxx
  LexRebol.cxx
  LexRegistry.cxx
  LexRuby.cxx
  LexRust.cxx
  LexSML.cxx
  LexSQL.cxx
  LexSTTXT.cxx
  LexScriptol.cxx
  LexSmalltalk.cxx
  LexSorcus.cxx
  LexSpecman.cxx
  LexSpice.cxx
  LexTACL.cxx
  LexTADS3.cxx
  LexTAL.cxx
  LexTCL.cxx
  LexTCMD.cxx
  LexTeX.cxx
  LexTxt2tags.cxx
  LexVB.cxx
  LexVHDL.cxx
  LexVerilog.cxx
  LexVisualProlog.cxx
  LexYAML.cxx
  LexerBase.cxx
  LexerModule.cxx
  LexerNoExceptions.cxx
  LexerSimple.cxx
  LineMarker.cxx
  MarginView.cxx
  PerLine.cxx
  PositionCache.cxx
  PropSetSimple.cxx
  RESearch.cxx
  RunStyles.cxx
  ScintillaBase.cxx
  Selection.cxx
  Style.cxx
  StyleContext.cxx
  UniConversion.cxx
  ViewStyle.cxx
  WordList.cxx
  XPM.cxx
  wx_wxscintilla.vcxproj -> F:\wxWidgets-3.2.5\lib\vc_x64_lib\wxscintilla.lib
