  dummy.cpp
  any.cpp
  appbase.cpp
  arcall.cpp
  arcfind.cpp
  archive.cpp
  arrstr.cpp
  base64.cpp
  clntdata.cpp
  cmdline.cpp
  config.cpp
  convauto.cpp
  datetime.cpp
  datetimefmt.cpp
  datstrm.cpp
  dircmn.cpp
  dynlib.cpp
  dynload.cpp
  encconv.cpp
  event.cpp
  evtloopcmn.cpp
  ffile.cpp
  file.cpp
  fileback.cpp
  fileconf.cpp
  filefn.cpp
  filename.cpp
  filesys.cpp
  filtall.cpp
  filtfind.cpp
  fmapbase.cpp
  fs_arc.cpp
  fs_filter.cpp
  fs_mem.cpp
  fswatchercmn.cpp
  hash.cpp
  hashmap.cpp
  init.cpp
  intl.cpp
  ipcbase.cpp
  languageinfo.cpp
  list.cpp
  log.cpp
  longlong.cpp
  memory.cpp
  mimecmn.cpp
  module.cpp
  msgout.cpp
  mstream.cpp
  numformatter.cpp
  object.cpp
  platinfo.cpp
  powercmn.cpp
  process.cpp
  regex.cpp
  sstream.cpp
  stdpbase.cpp
  stdstream.cpp
  stopwatch.cpp
  strconv.cpp
  stream.cpp
  string.cpp
  stringimpl.cpp
  stringops.cpp
  strvararg.cpp
  sysopt.cpp
  tarstrm.cpp
  textbuf.cpp
  textfile.cpp
  threadinfo.cpp
  time.cpp
  timercmn.cpp
  timerimpl.cpp
  tokenzr.cpp
  translation.cpp
  txtstrm.cpp
  unichar.cpp
  uri.cpp
  ustring.cpp
  utilscmn.cpp
  variant.cpp
  wfstream.cpp
  wxcrt.cpp
  wxprintf.cpp
  xlocale.cpp
  xti.cpp
  xtistrm.cpp
  zipstrm.cpp
  zstream.cpp
  basemsw.cpp
  crashrpt.cpp
  dde.cpp
  debughlp.cpp
  dir.cpp
  dlmsw.cpp
  evtloopconsole.cpp
  fswatcher.cpp
  main.cpp
  mimetype.cpp
  power.cpp
  regconf.cpp
  registry.cpp
  snglinst.cpp
  stackwalk.cpp
  stdpaths.cpp
  thread.cpp
  timer.cpp
  utils.cpp
  utilsexc.cpp
  volume.cpp
  fswatcherg.cpp
  lzmastream.cpp
  extended.c
  secretstore.cpp
  secretstore.cpp
  uilocale.cpp
  uilocale.cpp
  wx_base.vcxproj -> C:\Users\tutha\source\repos\A-mini-Dictionary\Lib\wxWidgets-3.2.5\lib\vc_x64_lib\wxbase32ud.lib
