  dummy.cpp
  xh_animatctrl.cpp
  xh_bannerwindow.cpp
  xh_bmp.cpp
  xh_bmpbt.cpp
  xh_bmpcbox.cpp
  xh_bookctrlbase.cpp
  xh_bttn.cpp
  xh_cald.cpp
  xh_chckb.cpp
  xh_chckl.cpp
  xh_choic.cpp
  xh_choicbk.cpp
  xh_clrpicker.cpp
  xh_cmdlinkbn.cpp
  xh_collpane.cpp
  xh_combo.cpp
  xh_comboctrl.cpp
  xh_datectrl.cpp
  xh_dirpicker.cpp
  xh_dlg.cpp
  xh_editlbox.cpp
  xh_filectrl.cpp
  xh_filepicker.cpp
  xh_fontpicker.cpp
  xh_frame.cpp
  xh_gauge.cpp
  xh_gdctl.cpp
  xh_grid.cpp
  xh_html.cpp
  xh_htmllbox.cpp
  xh_hyperlink.cpp
  xh_infobar.cpp
  xh_listb.cpp
  xh_listbk.cpp
  xh_listc.cpp
  xh_mdi.cpp
  xh_menu.cpp
  xh_notbk.cpp
  xh_odcombo.cpp
  xh_panel.cpp
  xh_propdlg.cpp
  xh_radbt.cpp
  xh_radbx.cpp
  xh_scrol.cpp
  xh_scwin.cpp
  xh_simplebook.cpp
  xh_sizer.cpp
  xh_slidr.cpp
  xh_spin.cpp
  xh_split.cpp
  xh_srchctrl.cpp
  xh_statbar.cpp
  xh_stbmp.cpp
  xh_stbox.cpp
  xh_stlin.cpp
  xh_sttxt.cpp
  xh_text.cpp
  xh_tglbtn.cpp
  xh_timectrl.cpp
  xh_toolb.cpp
  xh_toolbk.cpp
  xh_tree.cpp
  xh_treebk.cpp
  xh_unkwn.cpp
  xh_wizrd.cpp
  xmlres.cpp
  xmlrsall.cpp
  xh_activityindicator.cpp
  xh_dataview.cpp
  wx_xrc.vcxproj -> F:\wxWidgets-3.2.5\lib\vc_x64_lib\wxmsw32u_xrc.lib
